[dotenv@17.3.1] injecting env (7) from .env -- tip: 🤖 agentic secret storage: https://dotenvx.com/as2
Starting cleanup of corrupted Mezmur titles...
Connected to DB...
Found 1212 total Mezmurs.
Checking: "ሰላም ለኪ ለኖኅ ሐመሩ"
Checking: "በዝናመ ንጽሕኪ"
Checking: "ምንተኑ"
Checking: "ለምኚ"
Checking: "ስምሽን ጠርቼ"
Checking: "በኃዘኔ ደራሽ ነሽ"
Checking: "በጎ መዓዛ"
Checking: "ንዒ ኃቤነ"
Checking: "አስታርቂኝ"
Checking: "እመ አምላክ ሙሽራ ነሽ"
Checking: "ወደ ምሥራቅ እዩ"
Checking: "ውዳሴ ማርያም"
Checking: "በድንኳኔ እልልታ ሙሉ ነው"
Checking: "እንዲህ በአራት ነጥብ ሊዘጋ ምዕራፉ"
Checking: "እኔ አንተ ቤት"
Checking: "ለገብርኤል የነገርኩት"
Checking: "የጠሩሽ"
Checking: "የጽድቅ በር ነሽ"
Checking: "ደስ ይበልሽ"
Checking: "ድንግል ማርያም"
Checking: "አክሊለ ምክሕነ"
Checking: "የኤልሳቤጥ ሐሴት"
Checking: "ገብርኤል ኃያል"
Checking: "እግዚአብሔር በኛ ቤት"
Checking: "አጌጥንበት ስምህን"
Checking: "ድንግል ፈጣሪዋን ወለደችው"
Checking: "ወዳጄ ሆይ ተነሽ"
Checking: "አንቺን የያዘ ሰው"
Checking: "አወድሰኝ ኤፍሬም"
Checking: "እመቤታችን በቀኝ ቆማለች"
Checking: "ኪዳነምሕረት እመቤት"
Checking: "የያሬድ ውብ ዜማ"
Checking: "ድንግል ሆይ ወደ እኔ"
Checking: "ትምክሕተ ዘመድነ"
Checking: "እናታችን ጽዮን"
Checking: "ማርያም እመቤቴ"
Checking: "የሲና ሐመልማል"
Checking: "እመ አምላክ"
Checking: "ሞገድ ሲመታኝ"
Checking: "ከፈጣሪ በታች"
Checking: "ዳግሚት አርያም"
Checking: "ንጽሕት ቅድስት"
Checking: "ድንግል ሆይ"
Checking: "ድንግል ሆይ ስለአንቺ"
Checking: "ኪዳነ ምሕረት"
Checking: "ድንግል ሆይ ስላንቺ"
Checking: "ሰላም ለኪ እምነ ጽዮን"
Checking: "ኃያልነህ ነህ አንተ ኃያል ደጉ መልአክ ገብርኤል"
Checking: "ዕዳ አለብን"
Checking: "ምስጋና ለስምሽ"
Checking: "እዘኝልን"
Checking: "የአማኑኤል እናት"
Checking: "ሰላም ላንቺ ይሁን"
Checking: "የእኛ እመቤት"
Checking: "ኦ ቅዱስ ሚካኤል"
Checking: "ይላል አንደበቴ"
Checking: "ብዙ ልጆች አሉት ለስሙ ምስክር"
Checking: "ማርያም ማርያም"
Checking: "አማናዊት ኪዳን"
Checking: "አዛኝ እናታችን"
Checking: "ማርያም ኀዘነ ልቡና"
Checking: "የዓለም ንግሥት የሆንሽው"
Checking: "እናታችን ጽዮን"
Checking: "ኦ ድንግል ደስ ይበልሽ"
Checking: "ተፈታ ችግሬ"
Checking: "አዛኝቷ እመቤት"
Checking: "እመቤታችን ላንቺ"
Checking: "የብርሃን መውጫ"
Checking: "የተወደደ ስምሽ ማርያም"
Checking: "የአርያም ንግስት"
Checking: "ድንግልን ፍለጋ"
Checking: "ሰላም ላንቺ ይሁን"
Checking: "ዕፀ ጳጦስ ዘሲና"
Checking: "ሚካኤል ስዩም"
Checking: "ይኩነኒ"
Checking: "የኢትዮጲያን ልጆች እያቀፍክ አንሳቸው"
Checking: "ድንግል ሆይ"
Checking: "በብርሃን ጸዳል"
Checking: "ስምሽን ቢጠሩ"
Checking: "ሠለስቱን ደቂቅን"
Checking: "ሰአሉ አስተምሕሩለነ"
Checking: "ሰአሉ አስተምሕሩለነ"
Checking: "በአምሳለ ርግብ"
Checking: "በአምሳለ ርግብ"
Checking: "ውእቱ ሊቆሙ"
Checking: "ውእቱ ሊቆሙ"
Checking: "ልዑል ውእቱ"
Checking: "ልዑል ውእቱ"
Checking: "ሚካኤል ሊቅ"
Checking: "ሚካኤል ሊቅ"
Checking: "መልአከ ሰላምነ"
Checking: "መልአከ ሰላምነ"
Checking: "ተወከፍ ጸሎተነ"
Checking: "ተወከፍ ጸሎተነ"
Checking: "አንስዕ ኃይልከ"
Checking: "አንስዕ ኃይልከ"
Checking: "ውእቱ ሚካኤል"
Checking: "ውእቱ ሚካኤል"
Checking: "ሞገስ ክብሩ"
Checking: "ሞገስ ክብሩ"
Checking: "ሚካኤል ብሂል"
Checking: "ሚካኤል ብሂል"
Checking: "ሚካኤል ስዩም"
Checking: "ሚካኤል ስዩም"
Checking: "መልአከ ሰላምነ"
Checking: "ቦ ጊዜ ለኩሉ"
Checking: "መልአከ ሰላምነ"
Checking: "ገብርኤል ምልአኒ"
Checking: "ገብርኤል ምልአኒ"
Checking: "ክብሮሙ ለመላእክት"
Checking: "ክብሮሙ ለመላእክት"
Checking: "ሱራፌል በግርማሆሙ"
Checking: "ሱራፌል በግርማሆሙ"
Checking: "ፍቁራኒሁ ለአብ"
Checking: "ፍቁራኒሁ ለአብ"
Checking: "ቀዋምያን"
Checking: "ቀዋምያን"
Checking: "መልአከ ሰላምነ"
Checking: "መልአከ ሰላምነ"
Checking: "መኑ ከማከ ልዑል"
Checking: "ቀራንዮ አየሁት"
Checking: "እኔ አንተ ፊት"
Checking: "ይበራል በክንፉ"
Checking: "መኑ ከማከ ልዑል"
Checking: "ሰላም ለከ ሚካኤል"
Checking: "ገብርኤል አብሠራ"
Checking: "ሚካኤል ሀበኒ"
Checking: "መልአከ ኪዳኑ"
Checking: "እምኵሎሙ መላእክት"
Checking: "ያድናል ከመከራ"
Checking: "የራማው ልዑል"
Checking: "ሩፋኤል መልአከ ፈውስ"
Checking: "ዑራኤል መልአከ ሰላም"
Checking: "ቅዱስ ሚካኤል"
Checking: "ገብርኤል ኃያል"
Checking: "መላእክተ እግዚአብሔር"
Checking: "በክንፈ ረድኤትከ"
Checking: "ክብሩ ይበልጣል"
Checking: "ሚካኤል ሊቀ መላእክት"
Checking: "በገነት በነበረች ሊቀ መዘምራን"
Checking: "ገብርኤል አበሠራ"
Checking: "አማልደን ሚካኤል"
Checking: "መልአከ ሰላምነ ሩፋኤል"
Checking: "ዑራኤል ብሩህ"
Checking: "እግዚአብሔር ላከ"
Checking: "የምሥራች ዜና"
Checking: "የምሥራች ዜና"
Checking: "ክንፈ እሳት"
Checking: "ክንፈ እሳት"
Checking: "መልአከ ራማ"
Checking: "መልአከ ራማ"
Checking: "በማለዳ ብርሃን"
Checking: "በማለዳ ብርሃን"
Checking: "አንተ ጠባቂያችን"
Checking: "አንተ ጠባቂያችን"
Checking: "ቅዱስ ሩፋኤል"
Checking: "ቅዱስ ሩፋኤል"
Checking: "የሰላም ደመና"
Checking: "የሰላም ደመና"
Checking: "ስንጠራህ"
Checking: "ስንጠራህ"
Checking: "አመስግኑ"
Checking: "አመስግኑ"
Checking: "ትጉኃን መላእክት"
Checking: "ትጉኃን መላእክት"
Checking: "ሊቃነ መላእክት"
Checking: "ሊቃነ መላእክት"
Checking: "ጻድቁ አባታችን"
Checking: "ጻድቁ አባታችን"
Checking: "የልዳው ኮከብ"
Checking: "የልዳው ኮከብ"
Checking: "አቡነ አረጋዊ"
Checking: "አቡነ አረጋዊ"
Checking: "ገብረ መንፈስ ቅዱስ"
Checking: "ገብረ መንፈስ ቅዱስ"
Checking: "ቀዳሜ ሰማዕት"
Checking: "ቀዳሜ ሰማዕት"
Checking: "ቅድስት አርሴማ"
Checking: "ቅድስት አርሴማ"
Checking: "የሰማዕታት አክሊል"
Checking: "የሰማዕታት አክሊል"
Checking: "ክርስቶስ ሠምራ"
Checking: "ክርስቶስ ሠምራ"
Checking: "አባ ኪሮስ"
Checking: "አባ ኪሮስ"
Checking: "ሰላም ለክሙ ጻድቃን"
Checking: "በጽናት ለቆማችሁ"
Checking: "ሰማዕተ ጽድቅ ጊዮርጊስ"
Checking: "ተክለሃይማኖት አባታችን"
Checking: "አባ አቡነ"
Checking: "ጻድቃን ሰማዕታት"
Checking: "አርሴማ ቅድስት"
Checking: "ጻድቃነ እግዚአብሔር"
Checking: "የቅዱሳን አምላክ"
Checking: "ገብረ መንፈስ ቅዱስ አባ"
Checking: "እናመስግን ዛሬ"
Checking: "አባ ገሪማ"
Checking: "ሰላም ለክሙ ሰማዕታት"
Checking: "ተፈሥሑ ጻድቃን"
Checking: "ኢትዮጵያዊው ጻድቅ"
Checking: "መብራት ሆናችሁን"
Checking: "በሃይማኖት ጸንተው"
Checking: "የሰማዕታት ደም"
Checking: "አባ ሳሙኤል"
Checking: "ድል ነሱት በደሙ"
Checking: "ፍጡነ ረድኤት"
Checking: "መክብበ ሰማዕት"
Checking: "ጊዮርጊስ ኃያል"
Checking: "ሐራሲ በዕርፈ መስቀል"
Checking: "ጸለዩ"
Checking: "እም ኢትዮጵያ"
Checking: "ታማልደናለች"
Checking: "ሰዓሉለነ"
Checking: "በጽድቅ የሚያምኑብህ"
Checking: "ጻድቃን ሰማዕታት በሙሉ"
Checking: "ለምኑልን"
Checking: "ወይቤሎሙ ሑሩ"
Checking: "ቅዱሳን ጻድቃን"
Checking: "የሕይወትን መዝገብ"
Checking: "አንተን ማገልገል መባረክ ነው  ሊቀ መዘምራን  @"
Checking: "በእውነት ሰማዕታት"
Checking: "ሞት በሌለባት ምድር"
Checking: "የጻድቅ ሰው ጸሎት"
Checking: "ምስጋና ጀመረ"
Checking: "ኦ ፍጡነ ረድኤት"
Checking: "ሐዋርያው መነኩሴ"
Checking: "ተክለሃይማኖት ተክለአብ"
Checking: "ተክለሃይማኖት ፀሐይ"
Checking: "ገድሉ ተአምራቱ"
Checking: "አባ አቡነ"
Checking: "አምላክ ባከበራት"
Checking: "በኃይልና ጥበብ"
Checking: "ንዋይ ኅሩይ"
Checking: "ቅዱሳን መስክሩ"
Checking: "ጻድቃን ቡሩካን"
Checking: "ቅድስተ ቅዱሳን"
Checking: "በስመ አብ"
Checking: "በየ ገዳማቱ"
Checking: "ገብረ መንፈስ ቅዱስ"
Checking: "ልቡና የሚመስጥ"
Checking: "ሰላም ለኪ እናታችን"
Checking: "ተዋህዶ ንጽሕት"
Checking: "ጽንኡ በተዋህዶ"
Checking: "እግዚአብሔር የሀበነ"
Checking: "ንዑ ንስግድ"
Checking: "ቤተክርስቲያን አሐቲ"
Checking: "ንዑ ንሑር"
Checking: "በደምህ ዋጅተህ"
Checking: "ቤተክርስቲያን ባሕረ ጥበባት"
Checking: "ቤተክርስቲያንን አንተውም ከቶ"
Checking: "በዐለት ላይ ነውና"
Checking: "አንድ እምነት ነው"
Checking: "ጥንታዊቷ መጀመርያዊቷ"
Checking: "ሐዋርያት የሰበኩሽ"
Checking: "ሰላም ለኪ"
Checking: "ሃሌ ሉያ አንጥላት"
Checking: "የቅዱሳን በአት"
Checking: "እንኳን ደህና መጣችሁ"
Checking: "የድሆች መጠጊያ"
Checking: "ተዋህዶ ሰማያዊት"
Checking: "ሃይማኖት አንዲት ናት"
Checking: "በሃይማኖት"
Checking: "ሰላም ለኢትዮጵያ"
Checking: "ይቤለኪ ያሬድ"
Checking: "ኢትዮጵያ ታበጽሕ"
Checking: "ትሴብሃከ ኢትዮጵያ"
Checking: "አፍላገ ግዮን"
Checking: "ኢኮነ ነገደ"
Checking: "ሀባ ሰላመከ"
Checking: "ኢየኃድጋ"
Checking: "ሰላም ለኪ"
Checking: "እምርሑቅሰ"
Checking: "ኢትዮጵያ ሆይ ተነሽ"
Checking: "ተነሽ ኢትዮጵያ"
Checking: "የክርስቲያን ደሴት"
Checking: "ኑ እንቅረብ"
Checking: "ይህ ቁርባን"
Checking: "ሥጋውና ደሙ"
Checking: "ያርኁ ክረምት"
Checking: "ሰማያት ዘምሩ"
Checking: "ያከብርዋ"
Checking: "አምላከ ዘካርያስ"
Checking: "ይህንን ጉባዔ"
Checking: "ናሁ ሠናይ"
Checking: "ባርክ ለዝ ጉባዔ"
Checking: "ኦ አንትሙ"
Checking: "ኦ አባ ቅዱስ ዕቀቦሙ"
Checking: "ሤመክሙ እግዚአብሔር"
Checking: "ርዕሰ ትሰምዮ"
Checking: "አባ አባ"
Checking: "ሰላም ለክሙ"
Checking: "ባርከነ አባ (መፍቀሬ ሕጻናት)"
!!! WOULD DELETE: "ባርከነ አባ (መፍቀሬ ሕጻናት)" (Source: null)
Checking: "ባርከነ አባ (ንንሳእ በረከተከ)"
!!! WOULD DELETE: "ባርከነ አባ (ንንሳእ በረከተከ)" (Source: null)
Checking: "አበባየሆሽ"
Checking: "ቡሄ በሉ"
Checking: "ኢዮሃ አበባዬ"
Checking: "ገና ደስታችን"
Checking: "የጽድቅ በር ነሽ"
Checking: "አለቴ ነህ አንባዬ"
Checking: "ኑ በእግዚአብሔር"
Checking: "ሰላም ለኪ"
Checking: "አማኑኤል ተመስገን"
Checking: "ቅያሜው ይቅርና"
Checking: "ሊረዳን መጣ"
Checking: "ስለማይነገር ስጦታው"
Checking: "የአዋጅ ነጋሪት ቃል"
Checking: "ውዳሴ ማርያም"
Checking: "አምላክ ተክለ ሀይማኖት"
Checking: "እባክህ ወዴት ነህ"
Checking: "ግሩም ድንቅ ነህ"
Checking: "እኔስ በምግባሬ"
Checking: "የሐሰት ዳኝነት"
Checking: "ኑ በብርሃኑ ተመላለሱ"
Checking: "እግዚአብሔር ሆይ እርዳኝ"
Checking: "በሀዘኔ"
Checking: "እግዚአብሔርን ጠራሁት"
Checking: "እርዳኝ ዝም አትበል"
Checking: "የስሙ ትርጓሜ"
Checking: "ድንግል እመቤቴ"
Checking: "ጽረ አርያም"
Checking: "የጥበብ ሰዎች መጡ"
Checking: "ሳር ቅጠሉ ሰርዶ"
Checking: "ተወለደ"
Checking: "ግነዩ ለእግዚአብሔር"
Checking: "እግዚአብሔርን ጠራሁት"
Checking: "ሐይልን በሚሰጠኝ"
Checking: "እናመስግነው"
Checking: "በሀዘኔ ደራሽ ነሽ"
Checking: "በበጎ ፍቃዱ"
Checking: "አንደበቴም ያውጣ"
Checking: "እልል በሉ"
Checking: "እግዚአብሔር መልካም ነው"
Checking: "እግዚአብሔርን አመስግኑ"
Checking: "ደስ ይበለን"
Checking: "የያሬድ ውብ ዜማ"
Checking: "የማያልፍ የለም"
Checking: "ለውዳሴሽ ልትጋ"
Checking: "የወደደኝ ጌታ"
Checking: "እግዚአብሔር ሆይ እወድሃለሁ"
Checking: "ለእኔስ ወደ እግዚአብሔር መቅረብ"
Checking: "ደጅ ጠናሁ"
Checking: "የይሁዳ ጉዞ"
Checking: "ሰላም ለኪ እምነ ጽዮን"
Checking: "መቼ ነው ጌታ"
Checking: "በመከራ ጽና"
Checking: "በደልህን አምነህ"
Checking: "የዶኪማስ ጓዳ"
Checking: "ወደ አንተ እሰግዳለሁ"
Checking: "ዓለምን ዞሬ አየሁት"
Checking: "ጎሰቆለ"
Checking: "ከወገኔ ጋር"
Checking: "ከካራን ውጡ"
Checking: "ያልጠፋነው"
Checking: "እያለፈ ነው ዘመኔ"
Checking: "ሰላምሽ ዛሬ ነው"
Checking: "ዘጠኝ ሰዓት ሲሆን"
Checking: "የጸጸት እሮሮ"
Checking: "እስመ ለዓለም"
Checking: "የት ይሆን መግቢያዬ"
Checking: "ወደ ምስራቅ እዩ"
Checking: "አትተወኝ አትጣለኝ"
Checking: "እመቤቴ የአምላክ እናት"
Checking: "ተክለሐይማኖት ፀሐይ"
Checking: "ያሬድ ካህኑ"
Checking: "እጹብ ድንቅ ነው"
Checking: "የስላሴን መንበር"
Checking: "እናመሰግንሃለን"
Checking: "ዝም አትበሉ"
Checking: "ጠላቴን ጌታዬ"
Checking: "በገና አንስተን"
Checking: "ለማርያም እንዘምራለን"
Checking: "ወይቤሎሙ ሐሩ"
Checking: "እርግብየ"
Checking: "ስምሽን ጠርቼ"
Checking: "አንቺን የያዘ ሰው"
Checking: "እዘምራለሁ"
Checking: "ሰረገላዎችህ"
Checking: "ዛሬም አለሽ"
Checking: "ያ ድሃ ተጣራ"
Checking: "ርሆቦት"
Checking: "ቸርነትህ ነው"
Checking: "ሞገድ ሲገፋኝ"
Checking: "ሐረገወይን"
Checking: "አስፈሪ ነበልባል"
Checking: "ስምህ በሁሉ ተመሰገነ"
Checking: "ማርያም አርጋለች"
Checking: "ማን አለን"
Checking: "መላዕክቱ"
Checking: "ገብርኤል"
Checking: "ሌላ ምስጋና"
Checking: "አንተ ግን አንተ ነህ"
Checking: "ሊረዳኝ መጣ"
Checking: "ሃጢያቴ በዛ"
Checking: "ምስጉን ነው"
Checking: "ገና እንዘምራለን"
Checking: "አቤቱ እንዳንተ ማን ነው"
Checking: "ዘንዶውን አሸንፏል"
Checking: "አንቺ የወይን ሐረግ"
Checking: "ባለውለታዬ"
Checking: "ድንግል በድንግልና"
Checking: "ድንግል ፈጣሪዋን"
Checking: "በሰማይ ለእግዚአብሔር ምስጋና"
Checking: "እሰይ ተወለደ"
Checking: "ሆሣዕና በሉ"
Checking: "በእግዚአብሔር ስም የሚመጣ"
Checking: "ምድረ ቀራንዮ"
Checking: "ወንበዴ ነበርኩኝ"
Checking: "ተወልዳለችና"
Checking: "ስላሴን አመስግኑ"
Checking: "ምስጋናዬን"
Checking: "ምሕረቱ ለዘላለም ነውና"
Checking: "አብ ወወልድ"
Checking: "እመብርሃን"
Checking: "ሞት ነው ርሃብ"
Checking: "ይለመነናል"
Checking: "ባለጸጋ እመቤት"
Checking: "መንግስተ ሥላሴ"
Checking: "እንድናለን"
Checking: "ኦ ሥሉስ ቅዱስ"
Checking: "ገብረሕይወት"
Checking: "መጠጊያዬ"
Checking: "ያዕቆብ ከቤርሳቤት"
Checking: "ስላሴ ዘከሃ"
Checking: "አወድሰኝ ኤፍሬም"
Checking: "እነሆ አዲስ ሰማይ"
Checking: "ሰዓሊለነ ቅድስት"
Checking: "ፍቅሩን ለገለጸው"
Checking: "የሐይማኖት ፍሬ"
Checking: "አልፈርድም እኔ"
Checking: "እንደ ኤልሣቤጥ"
Checking: "እስከ መቼ ነው"
Checking: "ስራው ድንቅ ነው"
Checking: "በረከትህ ይደር"
Checking: "ከንቱ ነኝ"
Checking: "ደስ ይበለን"
Checking: "ገሊላ እትዊ"
Checking: "ተስፋችን ነህ አንተ"
Checking: "ምስጋና ነው ስራዬ"
Checking: "አበባየሆሽ"
Checking: "የዓለምን በደል"
Checking: "ወደ ማደሪያው"
Checking: "ሐመልማላዊት"
Checking: "ኦ ሚካኤል"
Checking: "መመኪያዬ ርስቴ"
Checking: "እሰይ እልል በሉ"
Checking: "የመስቀሉ ፍቅር"
Checking: "ትህትናሽ ግሩም ነው"
Checking: "ገድሉ ተዓምራቱ"
Checking: "ክብረ ቅዱሳን"
Checking: "እመቤቴ ማርያም"
Checking: "እቴ ሙሽራዬ"
Checking: "ካንተ የሆነው"
Checking: "አማላጅ ነው"
Checking: "እልፍ አእላፋት"
Checking: "ድንግል መከራሽን"
Checking: "ኢትዮጵያ ሆይ"
Checking: "ቅዱስ ሚካኤል"
Checking: "እንበረታለን ገና"
Checking: "በዕምነታቸው"
Checking: "እጠበኝ ቆሽሻለሁ"
Checking: "ተመስገን እንበል"
Checking: "ብርሃኔና መድሃኒቴ ነው"
Checking: "በጌቴ ሰማኔ"
Checking: "አልፋና ኦሜጋ"
Checking: "ጌታዬ ሆነህ"
Checking: "በእጸ መስቀል ላይ"
Checking: "የህያዋን አምላክ"
Checking: "የፍቅር እናት"
Checking: "በማህፀን ቅኔ"
Checking: "ልቤ በእግዚአብሔር ጸና"
Checking: "ይበራል በክንፉ"
Checking: "ዘምር ዘምር አለኝ"
Checking: "አንድ አድርገን"
Checking: "በአምላካችን አንጻር"
Checking: "ፈተና ወጀብ ቢበዛ"
Checking: "ድንግል ትንሣኤሽን"
Checking: "የአብ ቃል አክብሮሽ"
Checking: "የእቲሳ አንበሳ"
Checking: "ገብርኤል ኃያል"
Checking: "ጽላት ዘሙሴ"
Checking: "ሰዎች ፈረዱብኝ"
Checking: "ኪዳነ ምህረት እናቴ"
Checking: "እንዲህ እናምናለን"
Checking: "ኢትዮጵያዊው ጻድቅ"
Checking: "ባርከን ባርከን"
Checking: "የአፎሚያ ረዳት"
Checking: "የሰላምታሽን ድምፅ"
Checking: "ተነሳልን"
Checking: "በንጹህ ደሙ"
Checking: "ተዋህዶ"
Checking: "እረድተሃልና"
Checking: "ንቁም"
Checking: "ምህረት ከአምላክህ"
Checking: "ፃድቃን ሰማዕታት"
Checking: "ቤተ ክርስቲያን"
Checking: "እምድንግል"
Checking: "ማርያም"
Checking: "ኧረ እንዴት ነው አቡኤ"
Checking: "መድሃኒቴ"
Checking: "አማላጄ"
Checking: "የመስቀሉ ነገር ሲገባን"
Checking: "ይላል አንደበቴ"
Checking: "ድንግል ማርያም"
Checking: "አጌጥንበት"
Checking: "ንጽሕተ ንጹሓን"
Checking: "ኢያቄም ወሐና"
Checking: "ይቤላ ሕፃን"
Checking: "አውደ ዓመት"
Checking: "ተልኮ መጥቶ"
Checking: "ማርያም ተአቢ"
Checking: "ወረደ"
Checking: "ኩሉ ዘፈቀደ"
Checking: "ጥልን በመስቀሉ"
Checking: "ወሪዶ"
Checking: "መስቀል ሃይልነ"
Checking: "የመስቀሉ ሃይል"
Checking: "መስቀል ብርሃን"
Checking: "መስቀል ሃይልነ"
Checking: "አክሊሎሙ ኦሆ"
Checking: "እስጢፋኖስ"
Checking: "መንክረ ግርማ"
Checking: "በመኑ"
Checking: "ሆሣዕና እምርት"
Checking: "ተወልዳለችና"
Checking: "መጻዕ መርዓዊ"
Checking: "መርዓዊ ሰማያዊ"
Checking: "እልል እልል"
Checking: "የቃናው ደስታ"
Checking: "ሁለቱም አንድ ሆኑ"
Checking: "ደመቀ አበራልን"
Checking: "ተፈስሒ ቤተክርስቲያን"
Checking: "ሙሽራዬ"
Checking: "ሙሽሮች አበበ ፍሬአችሁ"
Checking: "በሠርጋችን ዕለት"
Checking: "አጅቡት በእልልታ"
Checking: "ሙሽራው ሙሽሪት"
Checking: "ንጽሕት ድንግል"
Checking: "የቤታችን እራስ"
Checking: "ዕፁብ ድንቅ ሥራ"
Checking: "ድንቅ ነው በጣም"
Checking: "አምሮ ሲያበራ"
Checking: "ቃና ዘገሊላ"
Checking: "ደስ አላቸው"
Checking: "ወንድና ሴት"
Checking: "ንሴብሆ"
Checking: "ዕፀ መስቀል"
Checking: "አየኸው ደመራ"
Checking: "መስቀል ተመርኩዘን"
Checking: "መስቀል አበባ"
Checking: "መስቀል ኃይላችን"
Checking: "ደስ ይበለን"
Checking: "ክርስቶስ የሁላችን ተስፋ"
Checking: "ዲያቢሎስ ተመታ"
Checking: "ኢዮሃ አበባዬ"
Checking: "ንግሥቲቷ ዕሌኒ"
Checking: "በወንጌሉ ያመናችሁ"
Checking: "ውስተ ማኅፀነ ድንግል"
Checking: "በቤተልሄም ተወልደ"
Checking: "የምስራች ደስ ይበለን"
Checking: "አንፈራፁ ሰብዓ ሰገል"
Checking: "አምሀ ኖሙ"
Checking: "በኮከብ መፅኡ"
Checking: "እንዘ ሕፃን ልህቀ"
Checking: "ሖረ ኢየሱስ"
Checking: "እግዚኦ መርሐ"
Checking: "የዓለም በደል"
Checking: "ሃሌ ሃሌ ሉያ"
Checking: "በጎል በጎል"
Checking: "ፀሀይ ፀሀይ ጸሀይ ሠረቀ"
Checking: "አንቺ ዮርዳኖስ"
Checking: "ድንግል ማርያም ንጽህት ቅድስት"
Checking: "እልል እልል ደስ ይበለን"
Checking: "ወረደ ወልድ"
Checking: "እኸ ሃዲጎ ተስዓ"
Checking: "በሠላሳ ክረምት"
Checking: "ግነዩ ለእግዚአብሔር"
Checking: "ነድ ለማየ"
Checking: "አዳምን ያልተወው"
Checking: "ዮሐንስ ሲያስተምር"
Checking: "ዮሐንሰኒ"
Checking: "በፍስሐ ወበሰላም"
Checking: "ጥምቀትከ ይኩነነ ቤዛ"
Checking: "ኢየሱስ ሖረ"
Checking: "ዮሐንስ አጥመቆ"
Checking: "አስተርእዮ"
Checking: "ጥምቀተ ባሕር"
Checking: "እሰይ እሰይ"
Checking: "በእደ ዮሐንስ"
Checking: "አማን በአማን"
Checking: "ርእዩከ ማያት"
Checking: "የሰላሙ መሪ"
Checking: "ኀዲጎ ተሰዓ"
Checking: "በዮርዳኖስ ተጠምቀ"
Checking: "ለእውነት ወገኖቹ"
Checking: "መጽዓ ቃል"
Checking: "ወዳንቺ የመጣው"
Checking: "ምስጉን ነህ አንተ"
Checking: "እንዴት ብለህ"
Checking: "በኮከብ መፅኡ"
Checking: "ከመ ትባርከነ"
Checking: "በኤፍራታ ምድር"
Checking: "የቀደመ በደላችንን"
Checking: "ዓውደ ዓመት"
Checking: "ራጉኤል"
Checking: "ጸሊ ኀበ አምላክ"
Checking: "መድሀኒት"
Checking: "ከመ ትባርከነ"
Checking: "ዝንቱ መስቀል"
Checking: "መስቀሉሰ"
Checking: "ዮምሰ ለእሊአየ"
Checking: "ዕሌኒ ንግስት"
Checking: "ሀይልነ"
Checking: "እንተ ተሀንፀት"
Checking: "በሀይለ መስቀሉ"
Checking: "ዮም በዓለ መስቀሉ"
Checking: "ወሪዶ"
Checking: "በመስቀሉ ወበ ቃሉ"
Checking: "ዘዕጣን አንፀረ"
Checking: "ኢትዮጵያ ታበጽሕ"
Checking: "ሀበሩ ቃለ"
Checking: "ኧኸ በመስቀልከ"
Checking: "ርዕዩ እበዩ"
Checking: "ዮም መስቀል"
Checking: "ጸሊ ኀበ አምላክ"
Checking: "ፀጋ ነሳዕነ"
Checking: "ወአንተኒ"
Checking: "ዩሐንስ ክቡር"
Checking: "ፈነዎ ለዩሐንስ"
Checking: "እግዚአብሔር ሀበነ"
Checking: "መስቀል አበባ"
Checking: "ደስ ይበለን"
Checking: "ቤተክርስቲያን"
Checking: "መስቀል ተመርኩዘን"
Checking: "እፀ መስቀል"
Checking: "ሐበ ቀራንዩ"
Checking: "አየኸው ደመራ"
Checking: "መስቀል ሀይላችን"
Checking: "መስከረም ጠባ"
Checking: "መስቀል ሕይወት"
Checking: "ጥልን በመስቀሉ ገደለ"
Checking: "በወንጌሉ"
Checking: "ልዑል እግዚአብሔር"
Checking: "ለዕፀ መስቀሉ እንስገድ"
Checking: "አለው ሞገስ"
Checking: "በቤተልሔም ተወልደ"
Checking: "ሀደረ"
Checking: "ቀዳሚሁ ቃል"
Checking: "ወወለደት"
Checking: "መድኃኒነ"
Checking: "አስተርዐየ"
Checking: "ከመትባርከነ"
Checking: "ክንፎ ፀለላ"
Checking: "እምሰማያት ወረደ"
Checking: "በጎል ሰከበ"
Checking: "ቤዛ ኩሉ"
Checking: "ስብሐት ለእግዚአብሔር"
Checking: "ተወልደ ኢየሱስ"
Checking: "ቃል ሥጋ ኮነ"
Checking: "መጽአ"
Checking: "አሀዱሰ"
Checking: "እሳተ ጽርሑ"
Checking: "ውስተ ማሕፀነ ድንግል"
Checking: "እፎ እፎ"
Checking: "እስመ እምዘርዐ"
Checking: "በኮከብ መጽኡ"
Checking: "አንፈረዓፁ"
Checking: "ክርስቶስ ተወልደ"
Checking: "በጎል እንሰሳ"
Checking: "ተፈፀመ ሀና"
Checking: "ሳር ቅጠሉ ሰርዶ"
Checking: "አምላክ ሰው ሆነ"
Checking: "ይኸው ተወለደ"
Checking: "ተወልደ"
Checking: "ተወልደ አማኑኤል"
Checking: "አይኖቼ"
Checking: "ተወልደ ናሁ"
Checking: "አንቺ አንቺ"
Checking: "እንደ ዮሴፍ"
Checking: "ወረደ ወልድ"
Checking: "እግዚኡ መርሃ"
Checking: "ዝንይ ልደቱ"
Checking: "ሀሌ ሉያ"
Checking: "ሖረ ኢየሱስ"
Checking: "መጽአ ቃል"
Checking: "ነድ"
Checking: "እንዘ ስውር"
Checking: "አንሶሰወ ገሀደ"
Checking: "እንዘ ስውር"
Checking: "ሶበ መፃ ቃል"
Checking: "ውስተ ማህፀነ ድንግል"
Checking: "በፍስሐ"
Checking: "በፍስሐ ወበሠላም"
Checking: "ኢየሱስ ሆረ"
Checking: "ዩሐንስኒ"
Checking: "ዮርዳኖስ"
Checking: "ኀዲጎ ተስአ"
Checking: "ኧኸ ኀዲጎ ተስአ"
Checking: "ኀዲጎ ተስአ"
Checking: "ሰላማዊ ብዕሲሁ"
Checking: "ፍስኃ ወሰላም"
Checking: "ወተመሰሉ"
Checking: "ፈነዎ ለዮሐንስ"
Checking: "አማን በአማን"
Checking: "አምላክነ ያድህነነ"
Checking: "እንዘ ሕፃን"
Checking: "በማየ ዮርዳኖስ"
Checking: "ጥምቀተ ባህር"
Checking: "የዓለምን በደል"
Checking: "ከድንግል ተወልዶ"
Checking: "ግነዩ ለእግዚአብሔር"
Checking: "በጥምቀቱ ዋጃት"
Checking: "ተናገራ"
Checking: "ተዐምረ ወመንክረ"
Checking: "እሰይ እሰይ"
Checking: "ዮሐንስኒ"
Checking: "ዘጠና ዘጠኙን"
Checking: "በጎል በጎል"
Checking: "ኢየሱስ ተጠምቆ"
Checking: "ክርስቶስ ትንቢቱ ሲደርስ"
Checking: "ሰዎች ደስ ይበለን"
Checking: "ጌጋየነ"
Checking: "ዮሐንስ አጥመቆ"
Checking: "ተወልደ"
Checking: "እሳተ ፅርሁ"
Checking: "ዮሐንስኒ ሃሎ ያጠምቅ"
Checking: "በእደ ዮሐንስ"
Checking: "ሐረገ ወይን"
Checking: "በአምሳለ ኦፍ"
Checking: "ሐመልማላዊት"
Checking: "ርህርህተ ህሊና"
Checking: "መሶበወርቅ"
Checking: "መንክር ግርማ"
Checking: "ይዌድስዋ"
Checking: "ክነፈ ርግብ"
Checking: "ማርያም ተዐቢ"
Checking: "መሠረተ ህይወት"
Checking: "ገነይነ ለኪ"
Checking: "አይ ይእቲ ዛቲ"
Checking: "ለድንግል"
Checking: "ፅላት ዘሙሴ"
Checking: "ክብረ ቅዱሳን"
Checking: "መዓዛ ሰናይ"
Checking: "በትረ አሮን"
Checking: "መሐርኒ ድንግል"
Checking: "ነበልባል ግሩም"
Checking: "ታማልደናለች"
Checking: "የመላዕክት እህት"
Checking: "በሰላም ንዒ"
Checking: "አብሰራ ወይበላ"
Checking: "መጣች በደመና"
Checking: "አትለይን"
Checking: "የኪዳን ፅላት"
Checking: "ንፅህይተ ንፁሀን"
Checking: "ልዑል ሰምራ"
Checking: "እያቄም ወሀና"
Checking: "አክሊለ አክሊለ ፅጌ"
Checking: "አክሊለ ፅጌ"
Checking: "እስከማዕዜኑ"
Checking: "ረኃበ ወፅማዕ"
Checking: "እንዘ ተሀቅፊዮ"
Checking: "መአዛ አፍዋት"
Checking: "ምህረ በዘባንኪ"
Checking: "ንዒ ርግብየ"
Checking: "ንግስተ ሰማያት"
Checking: "በሰማይ ኮነ"
Checking: "ጊዜ እረፍታ"
Checking: "ጊዜ እረፍታ ለሶልያና"
Checking: "ማርያም ድንግል ምክሀ ዘመድነ"
Checking: "ሞትሰ"
Checking: "መሐሩነ"
Checking: "ማርያም አረገች"
Checking: "ማርያምሰ"
Checking: "ሀሌ ሉያ"
Checking: "በእንቌ ሰንፔር"
Checking: "ሀሌ ሀሌ ሉያ"
Checking: "ለዛቲ ቤት"
Checking: "ታቦት በውስቴታ"
Checking: "ውስቴታ ታቦት"
Checking: "ትመስል ኢየሩሳሌም"
Checking: "አንቺነሽ ተስፋው"
Checking: "የጻድቃን መመኪያ"
Checking: "የብርሀን ጎርፍ ናት"
Checking: "አማናዊት እናት"
Checking: "በምን በምን"
Checking: "የጠሩሽ"
Checking: "የይሁዳ ጉዞ"
Checking: "አምላክ ለእኛ ብሎ"
Checking: "ኑ እንቅረብ"
Checking: "ተስፋችን ነህ አንተ"
Checking: "ጌታ ሆይ"
Checking: "እኔስ በምግባሬ"
Checking: "ታላቁ ጾም ገባ"
Checking: "ቅድመ ዓለም"
Checking: "በደምህ ተገዛ"
Checking: "በእለተ ዓርብ"
Checking: "ሙታንን ያድን"
Checking: "ሞቼ ስለማልቀር"
Checking: "ምን ሰጡህ"
Checking: "ክርስቶስ በስምህ"
Checking: "ኃጥያቴ በዝቶብኝ"
Checking: "ምድረ ቀራንዮ"
Checking: "በከሀሊነቱ"
Checking: "በዕፀ መስቀል ላይ"
Checking: "በሐጥያቴ ወድቄ"
Checking: "ምን ሰማህ ዮሐንስ"
Checking: "እግዚአብሔር ከኛ ጋር ከሆነ(ቸብቸቦ)"
!!! WOULD DELETE: "እግዚአብሔር ከኛ ጋር ከሆነ(ቸብቸቦ)" (Source: null)
Checking: "ሰላምሽ ዛሬ ነው"
Checking: "ሆሳዕና በአርያም"
Checking: "ሆሳዕና በአርያም"
Checking: "ናና የምስጋና ጌታ"
Checking: "ሆሣዕና በሉ"
Checking: "ሆሣዕና እምርት"
Checking: "አም አፈ ደቂቅ"
Checking: "ይብዓ"
Checking: "ወምድርኒ"
Checking: "ፈኑ ዲቤነ"
Checking: "ትንሣኤከ"
Checking: "ክርስቶስ ተንሥዓ"
Checking: "እምኩሉ ይሄይስ"
Checking: "አንትሙሠ ንበሩ"
Checking: "አማን በአማን"
Checking: "የመረጣቸውን"
Checking: "አረገ በስብሐት"
Checking: "በይባቤ"
Checking: "አማን በአማን"
Checking: "የትንሣኤው ብርሃን"
Checking: "የመረጣቸውን"
Checking: "አማኑኤል አምላክ"
Checking: "እልል እልል በሉ"
Checking: "እዩና እመኑ"
Checking: "እውነት በእውነት"
Checking: "ክርስቶስ ሲነሳ"
Checking: "ብርሃን ወጣ"
Checking: "የምስራች እንበል"
Checking: "ጨለማን ደምስሶ"
Checking: "ንሴብሖ"
Checking: "በልዑል መጠጊያ"
Checking: "አሁን የአምላካችን"
Checking: "ሞት ነው ርኃብ"
Checking: "እግዚአብሔር ሆይ እርዳኝ"
Checking: "ማን እንደእርሱ"
Checking: "አማን በአማን"
Checking: "ያልጠፋነው"
Checking: "የኃያላን ኃያል"
Checking: "ኢየሱስ ክርስቶስ"
Checking: "እግዚአብሔር ብርኃኔና"
Checking: "መድኃኔዓለም አዳነን"
Checking: "ናሁ ናሁ"
Checking: "እውቀት ጥበብ"
Checking: "ወይቤሎሙ ሁሩ"
Checking: "ዘሰማየ ገብረ"
Checking: "ኢየሱስ ክርስቶስ"
Checking: "ንግበር በዓለ"
Checking: "ተቀደሲ"
Checking: "ዝማሬ ዳዊት"
Checking: "ናቀድም"
Checking: "ሰንበተ ሰንበታት"
Checking: "ያከበርዋ"
Checking: "ይቅርታህ ብዙ ነው"
Checking: "እንዘ ይብሉ"
Checking: "ሥላሴ ትትረመም"
Checking: "የሥላሴ መንበር"
Checking: "ዘይቤ"
Checking: "ኦ አምላክ"
Checking: "ሰማየ በአብ"
Checking: "ይርድአነ"
Checking: "እግዚአብሔር ሀበነ"
Checking: "መድኃኔዓለም"
Checking: "ዘይክል ኩሎ"
Checking: "አድህነነ እግዚኦ"
Checking: "እግዚአብሔር ይመስገን"
Checking: "እግዚአብሔር ይመስገን"
Checking: "አስተምሮናልና"
Checking: "በወጀብ"
Checking: "ተዋህዶ ንጽሕት"
Checking: "በሰርጋችን ዕለት"
Checking: "መፃ ዘመፃ"
Checking: "ደመቀ አበራልን"
Checking: "ትዌድሶ"
Checking: "የቃናው ደስታ"
Checking: "በቃና ዘገሊላ"
Checking: "ቤዛነ"
Checking: "ሁለቱም አንድ ሆኑ"
Checking: "ካህናት ተንስኡ"
Checking: "ንጽሒት ቅድስት"
Checking: "ህገ ሰብዕናሁ"
Checking: "ቃና ዘገሊላ"
Checking: "ኧኸ ትብሎ መርዓት"
Checking: "ዳዊት ይሴብህ"
Checking: "ናሁ ናሁ"
Checking: "አጅቡት በእልልታ"
Checking: "ደስ አላት"
Checking: "ዘወይን"
Checking: "ደስ አለው ጌታ"
Checking: "ያስደስታል"
Checking: "እፁብ ድንቅ ሥራ"
Checking: "ይደሰት"
Checking: "ድንቅነው በጣም"
Checking: "በምድራዊ ሕይወት"
Checking: "እንዘ ስወር"
Checking: "ወንድና ሴት"
Checking: "እናንት ሙሽሮች"
Checking: "መርዐዊ ሰማያዊ"
Checking: "ሙሽሮች"
Checking: "የምስራች"
Checking: "ሙሽራዬ"
Checking: "እስመ ለዓለም"
Checking: "ንሴብሆ ለሥላሴ"
Checking: "የሐብከ ዮም"
Checking: "ሥላሴ ይባርኳችሁ"
Checking: "ይህን ላደረገ"
Checking: "ይትባረክ"
Checking: "ዮም ፍስሀ ኮነ"
Checking: "መፃ መርአዊ"
Checking: "ባርከነ አባ"
Checking: "ዝንቱሰ ብእሲ"
Checking: "የኢቲሣ አንበሣ"
Checking: "ተክለሃይማኖት አቡነ"
Checking: "ገድሉ ታምራቱ"
Checking: "አማን በአማን"
Checking: "ለተክለሃይማኖት ፃድቅ"
Checking: "አባ አቡነ"
Checking: "ደምረነ"
Checking: "ምሥራቃዊ ዩሐንስ"
Checking: "መፃት ወለታ"
Checking: "እምሔሶ ለሔሮድስ"
Checking: "ወአንተኒ ሕፃን"
Checking: "ዩሀንስ ክቡር"
Checking: "ከመኖህ በየወሀቱ"
Checking: "ለማህበርነ ሰላማ"
Checking: "አባ ክቡር"
Checking: "የቅዱሳን በዓት"
Checking: "የፃድቅ ሰው ፀሎት"
Checking: "ጊዮርጊስ ኃያል"
Checking: "ንዓ ጊዮርጊስ"
Checking: "ዘሠማዕተ ልዳ"
Checking: "ከመ ንንግር"
Checking: "ገድልከ ግሩም"
Checking: "መክብበ ሠማዕታት"
Checking: "ኦ ፍጡነ ረድኤት"
Checking: "ያሬድ ማህሌታይ"
Checking: "አልቦ እቅድሜሁ"
Checking: "ዜኖኩ ጽድቅከ"
Checking: "ያሬድ ፈልፈለ ማህሌት"
Checking: "መሠረተ ዜማ ወጠነ"
Checking: "አሠርገዋ"
Checking: "ሰባኬ ወንጌል"
Checking: "ከመ ወሬዛ"
Checking: "ሊቀ መላዕክት"
Checking: "ራጉኤል"
Checking: "ጸሊ ኀበ አምላክ"
Checking: "ግሩማን መላዕክት"
Checking: "በአምሣለ ርግብ"
Checking: "ንቁም"
Checking: "ሠለስቱ ደቂቅን"
Checking: "ሰፊሆ"
Checking: "ኦ ሚካኤል"
Checking: "ሐመልማለ ወርቅ"
Checking: "ተወከፍ ፀሎተነ"
Checking: "ሠባቱ ሊቃነ መላዕክት"
Checking: "ውእቱ ሊቆሙ"
Checking: "እልፍ አእላፋት"
Checking: "ከመ ትባርከነ"
Checking: "ባርከኒ አባ"
Checking: "ሀረየከ"
Checking: "ኦ አባ"
Checking: "ኖላዊ ትጉህ"
Checking: "ህዝብ ቅዱሳን"
Checking: "ማርቆስ ሐዋርያ"
Checking: "ኮኖሙ አበ"
Checking: "ሀረየ አሰርተ"
Checking: "ከርካዕ ዘተተክለት"
Checking: "ማኅደረ መለኮት"
Checking: "አማን በአማን"
Checking: "እንደ ሙሴ"
Checking: "አሀደ ለከ"
Checking: "ሠላም ሠላም"
Checking: "ቡሄ በሉ"
Checking: "አርገ በስብሐት"
Checking: "ፅርሀ ቅድሳቱ"
Checking: "ኃይልነ ወፀወንነ"
Checking: "አብርሒ ኢየሩሳሌም"
Checking: "ነቢያተ እስራኤል"
Checking: "ገብርኤል መልአክ መጽአ"
Checking: "ነገስተ ተርሴስ"
Checking: "ዮም በፍስኃ"
Checking: "ንግበር በዓለ"
Checking: "መርአዊ ፍሱህ"
Checking: "ኦ ምእራግ"
Checking: "ሀሌ ሉያ"
Checking: "በአፍአኒ አንትሙ"
Checking: "ሰባኬ መድሃኒት"
Checking: "ተአቢ"
Checking: "ዓውደ ዓመት"
Checking: "አብርሂ"
Checking: "እንዘ ዘልፈ"
Checking: "አውጽኦሙ አፍአ"
Checking: "ህንፄሀ አዳም"
Checking: "ወተቀበልዎ"
Checking: "በደብር"
Checking: "ልዑል ሰምራ"
Checking: "ባርክለነ እግዚኦ"
Checking: "ለዛቲ ቤት"
Checking: "ኃረየከ ወሴመከ"
Checking: "በእንቌ ሰንፔር"
Checking: "ሙሴኒ ርዕያ"
Checking: "ለዘአርገ በሥብሐት"
Checking: "አባ አቡነ"
Checking: "ተወልደ መድኅን"
Checking: "ዕዝራኒ ርዕያ"
Checking: "ወበእንተዝ ሀሰስኩ"
Checking: "ማርያም ታዕካ"
Checking: "ኦ አምላክ ዘለዓለም"
Checking: "ታቦተ ሕጉ"
Checking: "ተሳሐልከ እግዚኦ"
Checking: "ተጋብዑ በቅፅበት"
Checking: "ይዌድስዋ"
Checking: "ነገስተ ምድር"
Checking: "አሰፈወነ"
Checking: "ዳግመ እምዝ"
Checking: "አመ ይሰቅልዎ"
Checking: "አስተምሮናልና"
Checking: "እግዚአብሔር ይመስገን"
Checking: "ድውይ ነን አንተ አድነን"
Checking: "እንዳንሸነፍ"
Checking: "ምስጋና ይገባል"
Checking: "ለመላው አለም"
Checking: "ዝማሬ ዳዊትን"
Checking: "ተናገሩ ድንቅ ሥራውን"
Checking: "በስመ አብ ወወልድ ወመንፈስ ቅዱስ ሥላሴ"
Checking: "ለጌታዬ ለእግዚአብሔር"
Checking: "ይቅር ባይ"
Checking: "ኃይል የእግዚአብሔር ነው"
Checking: "ቸርነቱ በእኛ ላይ"
Checking: "ያልጠፋነው"
Checking: "በወጀብ በዐውሎ"
Checking: "የቀደመ በደላችንን"
Checking: "እግዚአብሔር ብርሃኔና መድኃኒቴ ነው"
Checking: "እንደ ዓይንህ ብሌን"
Checking: "ኧኸ በቀራንዮ"
Checking: "ይቅርታህ"
Checking: "ልዑል እግዚአብሔር"
Checking: "አማኑኤል ጌታዬ ሆይ"
Checking: "ኢየሱስ ክርስቶስ ይወደናል"
Checking: "ዘበሰማያት"
Checking: "መድኃኔዓለም ወሃቤ ሰላም"
Checking: "እሳት ጽርሁ"
Checking: "ዘሰማየ ገብረ"
Checking: "ኵሎ ዘፈቀደ"
Checking: "ይረድአነ አምላክነ"
Checking: "ነአምን በአብ"
Checking: "ሠራዊተ"
Checking: "ወመኑ መሐሪ"
Checking: "እስመ አልብነ"
Checking: "አቀድም አዕኮቶቶ"
Checking: "ቅዱስ እግዚአብሔር"
Checking: "ኢትግድፈነ"
Checking: "በልዎ ለእግዚአብሔር"
Checking: "ኵሉ ከንቱ"
Checking: "ኦ አባ ቅዱስ"
Checking: "አልቦ ዘከማየ"
Checking: "ኵሉ ይሰግድ"
Checking: "ደምረነ"
Checking: "እጼውዐከ እግዚእየ"
Checking: "ናቀድም አእኵቶቶ"
Checking: "በለኒ መሐርኩከ"
Checking: "ኖላዊ ትጉኅ"
Checking: "አማን በአማን"
Checking: "ስብሐት ለአምላክ"
Checking: "ንጉሥ ውእቱ"
Checking: "ለሰሚዕ ዕፁብ ግብር"
Checking: "ሰላም ዘአብ"
Checking: "ስብሐት ለሥላሴ"
Checking: "እምኲሉ ይኄይስ"
Checking: "ሰላመ አብ"
Checking: "ኃይልየ ሥላሴ"
Checking: "ኖላዊ ትጉኅ /ሐውጸነ/"
Checking: "ሰላም ለዝክረ ስምከ"
Checking: "እንዘ ይብሉ ይዜምሩ"
Checking: "ሀበነ እግዚኦ"
Checking: "መንክር እግዚአብሔር"
Checking: "እግዚአብሔር ዐቢይ"
Checking: "ዘመንበሩ ዓቢይ"
Checking: "ይትባረክ እግዚአብሔር"
Checking: "ይትባረክ እግዚአብሔር"
Checking: "ይትባረክ እግዚአብሔር"
Checking: "መድኃኔዓለም እግዚአብሔር"
Checking: "ሰላም ወሠናይ"
Checking: "ዝንቱ ኩሉ"
Checking: "ኑ እናመስግን"
Checking: "ተነሡ እንዘምር"
Checking: "ወሮታህ ብዙ ነው"
Checking: "ሞት ነው ረሀብ"
Checking: "አማን በአማን"
Checking: "እናመስግነው"
Checking: "ማርያምሰ ተኃቱ"
Checking: "ከክርስቶስ ፍቅር"
Checking: "ወደ ቤተ እግዚአብሔር"
Checking: "አንደበቴም ያውጣ"
Checking: "መድኃኔዓለም አዳነን"
Checking: "በፍቅር ተስቦ"
Checking: "ሥላሴን አመስግኑ"
Checking: "በልዑል መጠጊያ"
Checking: "ንጽሕተ ንጹሐን"
Checking: "እግዚአብሔርን አመስግኑት"
Checking: "ሥራህን እንመሠክራለን"
Checking: "ኑ በእግዚአብሔር"
Checking: "እንደ እግዚአብሔር ያለ"
Checking: "ደስ ይበለን በጣም"
Checking: "አድርገህልኛልና"
Checking: "የሥላሴን መንበር"
Checking: "ድንቅ ነው"
Checking: "ማን እንደ እርሱ"
Checking: "ስምህ በሁሉ ተመሰገነ"
Checking: "ባርከን ባርከን"
Checking: "እግዚአብሔርን ጠራሁት"
Checking: "ዘይክል ኩሉ"
Checking: "ሳይገባኝ አምላክ"
Checking: "ወደ ማደሪያው ገብቼ"
Checking: "ስለማይነገር ስጦታው"
Checking: "የነገሥታት ንጉሥ"
Checking: "ዝናውን ሰምቼ"
Checking: "ወደ ቤተ እግዚአብሔር"
Checking: "አምላክ አለ መሀላችን"
Checking: "እንተ በምድር"
Checking: "ቸሩ ሆይ"
Checking: "በበጎ ፈቃዱ"
Checking: "ይለመነናል"
Checking: "ንሴብሖ ለእግዚአብሔር"
Checking: "እግዚአብሔር ሆይ እርዳኝ"
Checking: "እውነተኛው ሰላም"
Checking: "ሰዎች እንዘምር"
Checking: "ሰዎች ደስ ይበለን"
Checking: "ዝናው በዓለም"
Checking: "ገና እንዘምራለን"
Checking: "እልል በሉ"
Checking: "ንሴብሖ ለሥላሴ"
Checking: "የኃያላን ኃያል"
Checking: "እንዳንተ ማንም የለም"
Checking: "ሰብሕዎ ለአምላክነ"
Checking: "የሕይወቴ መታመኛ"
Checking: "ከወገኔ ጋራ"
Checking: "አቤቱ ፈጣሪያችን"
Checking: "እናመስግነው ጌታችንን"
Checking: "የሰማይ ምስጋና"
Checking: "በማስተዋል እንዘምር"
Checking: "ስብሐት ለአብ"
Checking: "እምነት ተስፋ ፍቅር"
Checking: "ቅዱስ እግዚአብሔር"
Checking: "እግዚአብሔር ሆይ እወድሀለሁ"
Checking: "በከሀሊነቱ"
Checking: "አኮቴት ለአንተ ይገባል"
Checking: "ዛሬስ ተይዣለሁ"
Checking: "አምላካችን ተመስገን"
Checking: "አባታችን ሆይ"
Checking: "አምላካችን ቅዱስ ነህ"
Checking: "የሰው ልጅ በኃይልህ"
Checking: "ሕይወቴ ቢመራ"
Checking: "በሞት ጥላ ወድቀን"
Checking: "ማርያም ማርያም ድንግል"
Checking: "ማርያም ተዐቢ"
Checking: "መሠረተ ሕይወት"
Checking: "እመ ብርሃን"
Checking: "ሰአሊ ለነ/አክሊለ ንጹሐን/"
Checking: "ሰአሊ ለነ/ወልድኪ ይምሐረነ/"
Checking: "ሰአሊ ለነ /ይምሐረነ/"
Checking: "ሰላም ለኪ"
Checking: "ትርሲተ ወልድ"
Checking: "ይዌድስዋ"
Checking: "መንክር ግርማ"
Checking: "መሐርኒ ድንግል"
Checking: "ኦ ርኅርተ ኅሊና"
Checking: "ማርያም ኃዘነ ልቡና"
Checking: "አዳም ወሠናይት"
Checking: "አንቲ ውእቱ"
Checking: "እኅትነ ይብልዋ"
Checking: "ሕዝበ ኢትዮጵያ"
Checking: "የዐቢ ክብራ"
Checking: "በእንተ ማርያም"
Checking: "መሶበ ወርቅ"
Checking: "እጎላት እም እጎሊሆን"
Checking: "ትበርህ ማርያም"
Checking: "ብኪ ድኀነ ዓለም"
Checking: "ፍሰሐ ወሰላም"
Checking: "ፍቅርኪ መፅሐፍ"
Checking: "በአልባሰ ወርቅ"
Checking: "ሐዋርያት ይብልዋ"
Checking: "ትብል ማርያም"
Checking: "በአምሳለ ፆፍ"
Checking: "ይእቲ እሞሙ ለሰማዕት"
Checking: "ጸቃውዕ"
Checking: "ዕፀ ጳጦስ ይእቲ"
Checking: "እምነ እምነ"
Checking: "መሠረተ ሕይወት"
Checking: "እመቤታችን ላንቺ"
Checking: "ሐናና ኢያቄም"
Checking: "እመቤቴ የአምላክ እናት"
Checking: "ሰላም ሰላም ለኪ"
Checking: "ጐስዐ ልብየ"
Checking: "በውዳሴሽ ልትጋ"
Checking: "ማርያም ማርያም በሉ"
Checking: "ለማርያም ድንግል"
Checking: "ንዒ ንዒ"
Checking: "ሰአሊ ለነ ቅድስት"
Checking: "ሐረገወይን"
Checking: "አንቺ የወይን ሐረግ"
Checking: "በምን በምን"
Checking: "ትህትናሽ ግሩም ነው"
Checking: "ለማርያም"
Checking: "የወርቅ መሰላል ነሽ"
Checking: "ወዳጄ ሆይ"
Checking: "ቀስተ ደመናው"

Cleanup complete! Deleted 3 corrupted Mezmurs.
